<?xml version="1.0" encoding="UTF-8"?>
<!-- Generated by org.testng.reporters.JUnitXMLReporter -->
<testsuite ignored="0" hostname="DESKTOP-SDJM71R" failures="1" tests="1" name="Test" time="41.209" errors="0" timestamp="2025-02-20T01:02:51 GMT+06:00">
  <testcase classname="testCases.TC01_AccountRegistrationTest" name="verify_account_registration" time="10.691">
    <failure type="java.lang.AssertionError" message="null">
      <![CDATA[java.lang.AssertionError: null
at testCases.TC01_AccountRegistrationTest.verify_account_registration(TC01_AccountRegistrationTest.java:44)
at java.base/java.util.ArrayList.forEach(ArrayList.java:1597)
... Removed 27 stack frames]]>
    </failure>
  </testcase> <!-- verify_account_registration -->
</testsuite> <!-- Test -->
